<?xml version="1.0" encoding="UTF-8"?>
<!-- Generated by org.testng.reporters.JUnitReportReporter -->
<testsuite skipped="0" hostname="LAPTOP-1OPG4PT1" name="com.actitime.scripts.LoginTest" tests="2" failures="0" timestamp="2020-08-29T22:48:00 IST" time="70.968" errors="0">
  <testcase name="validLogin" time="63.013" classname="com.actitime.scripts.LoginTest"/>
  <system-out>
validLogin Script Execution is start Sat Aug 29 22:47:43 IST 2020 Home Page Title is verified validLogin Script Result is passed  </system-out>
  <testcase name="invalidLogin" time="7.955" classname="com.actitime.scripts.LoginTest"/>
  <system-out>
invalidLogin Script Execution is start Sat Aug 29 22:47:58 IST 2020 Invalid Login Message is verified invalidLogin Script Result is passed  </system-out>
</testsuite> <!-- com.actitime.scripts.LoginTest -->
