<?xml version="1.0" encoding="UTF-8"?>
<!-- Generated by org.testng.reporters.JUnitReportReporter -->
<testsuite skipped="0" hostname="LAPTOP-1OPG4PT1" name="com.actitime.scripts.LoginTest" tests="2" failures="0" timestamp="2020-09-12T13:17:01 IST" time="23.071" errors="0">
  <testcase name="validLogin" time="14.613" classname="com.actitime.scripts.LoginTest"/>
  <system-out>
validLogin Script Execution is start Sat Sep 12 13:16:46 IST 2020 Home Page Title is verified validLogin Script Result is passed  </system-out>
  <testcase name="invalidLogin" time="8.458" classname="com.actitime.scripts.LoginTest"/>
  <system-out>
invalidLogin Script Execution is start Sat Sep 12 13:17:00 IST 2020 Invalid Login Message is verified invalidLogin Script Result is passed  </system-out>
</testsuite> <!-- com.actitime.scripts.LoginTest -->
